<?xml version="1.0" encoding="UTF-8"?>
<!-- Generated by org.testng.reporters.JUnitXMLReporter -->
<testsuite hostname="Infva06064" ignored="3" name="Test" tests="1" failures="0" timestamp="20 Sep 2019 19:07:36 GMT" time="0.165" errors="0">
  <testcase name="f3" time="0.062" classname="day8.GroupingExample"/>
  <testcase name="f2" time="0.0" classname="day8.GroupingExample">
    <ignored/>
  </testcase> <!-- f2 -->
  <testcase name="f1" time="0.0" classname="day8.GroupingExample">
    <ignored/>
  </testcase> <!-- f1 -->
  <testcase name="f4" time="0.0" classname="day8.GroupingExample">
    <ignored/>
  </testcase> <!-- f4 -->
</testsuite> <!-- Test -->
